[debug] [2017-10-30T05:10:59.637Z] ----------------------------------------------------------------------
[debug] [2017-10-30T05:10:59.639Z] Command:       C:\Program Files\nodejs\node.exe C:\Users\Owner\AppData\Roaming\npm\node_modules\firebase-tools\bin\firebase serve
[debug] [2017-10-30T05:10:59.639Z] CLI Version:   3.13.1
[debug] [2017-10-30T05:10:59.639Z] Platform:      win32
[debug] [2017-10-30T05:10:59.639Z] Node Version:  v8.8.1
[debug] [2017-10-30T05:10:59.640Z] Time:          Sun Oct 29 2017 23:10:59 GMT-0600 (Mountain Daylight Time)
[debug] [2017-10-30T05:10:59.640Z] ----------------------------------------------------------------------
[debug] 
[debug] [2017-10-30T05:10:59.656Z] > command requires scopes: ["email","openid","https://www.googleapis.com/auth/cloudplatformprojects.readonly","https://www.googleapis.com/auth/firebase","https://www.googleapis.com/auth/cloud-platform"]
[debug] [2017-10-30T05:10:59.656Z] > authorizing via signed-in user
[debug] [2017-10-30T05:10:59.658Z] > refreshing access token with scopes: ["email","https://www.googleapis.com/auth/cloud-platform","https://www.googleapis.com/auth/cloudplatformprojects.readonly","https://www.googleapis.com/auth/firebase","openid"]
[debug] [2017-10-30T05:10:59.658Z] >>> HTTP REQUEST POST https://www.googleapis.com/oauth2/v3/token { refresh_token: '1/LcNcHOVWt-WpSCLA9erswjefPhyPB1OZrxsrS7AlySzvw7UMMNX6mf_iZzbb5ack',
  client_id: '563584335869-fgrhgmd47bqnekij5i8b5pr03ho849e6.apps.googleusercontent.com',
  client_secret: 'j9iVZfS8kkCEFUPaAeJV0sAi',
  grant_type: 'refresh_token',
  scope: 'email https://www.googleapis.com/auth/cloud-platform https://www.googleapis.com/auth/cloudplatformprojects.readonly https://www.googleapis.com/auth/firebase openid' } 
 Sun Oct 29 2017 23:10:59 GMT-0600 (Mountain Daylight Time)
[debug] [2017-10-30T05:10:59.981Z] <<< HTTP RESPONSE 200
[debug] [2017-10-30T05:10:59.995Z] >>> HTTP REQUEST GET https://admin.firebase.com/v1/projects/firecloud2-aac4c  
 Sun Oct 29 2017 23:10:59 GMT-0600 (Mountain Daylight Time)
[debug] [2017-10-30T05:11:00.597Z] <<< HTTP RESPONSE 200
[debug] [2017-10-30T05:11:00.598Z] >>> HTTP REQUEST GET https://admin.firebase.com/v1/database/firecloud2-aac4c/tokens  
 Sun Oct 29 2017 23:11:00 GMT-0600 (Mountain Daylight Time)
[debug] [2017-10-30T05:11:01.029Z] <<< HTTP RESPONSE 200
[info] 
[info] === Serving from 'C:\Users\Owner\Desktop\cx\msave2'...
[info] 
[debug] [2017-10-30T05:11:01.032Z] >>> HTTP REQUEST GET https://cloudresourcemanager.googleapis.com/v1/projects/firecloud2-aac4c  
 Sun Oct 29 2017 23:11:01 GMT-0600 (Mountain Daylight Time)
[debug] [2017-10-30T05:11:01.365Z] <<< HTTP RESPONSE 200
[debug] [2017-10-30T05:11:01.365Z] >>> HTTP REQUEST GET https://mobilesdk-pa.googleapis.com/v1/projects/870285831664/clients/_:getWebAppConfig  
 Sun Oct 29 2017 23:11:01 GMT-0600 (Mountain Daylight Time)
[debug] [2017-10-30T05:11:01.759Z] <<< HTTP RESPONSE 200
[info] i  hosting: Serving hosting files from: ./
[info] +  hosting: Local server: http://localhost:5000

[debug] [2017-10-31T23:31:19.872Z] ----------------------------------------------------------------------
[debug] [2017-10-31T23:31:19.874Z] Command:       C:\Program Files\nodejs\node.exe C:\Users\Owner\AppData\Roaming\npm\node_modules\firebase-tools\bin\firebase serve
[debug] [2017-10-31T23:31:19.875Z] CLI Version:   3.13.1
[debug] [2017-10-31T23:31:19.875Z] Platform:      win32
[debug] [2017-10-31T23:31:19.875Z] Node Version:  v8.8.1
[debug] [2017-10-31T23:31:19.875Z] Time:          Tue Oct 31 2017 17:31:19 GMT-0600 (Mountain Daylight Time)
[debug] [2017-10-31T23:31:19.875Z] ----------------------------------------------------------------------
[debug] 
[debug] [2017-10-31T23:31:19.899Z] > command requires scopes: ["email","openid","https://www.googleapis.com/auth/cloudplatformprojects.readonly","https://www.googleapis.com/auth/firebase","https://www.googleapis.com/auth/cloud-platform"]
[debug] [2017-10-31T23:31:19.899Z] > authorizing via signed-in user
[debug] [2017-10-31T23:31:19.901Z] > refreshing access token with scopes: ["email","https://www.googleapis.com/auth/cloud-platform","https://www.googleapis.com/auth/cloudplatformprojects.readonly","https://www.googleapis.com/auth/firebase","openid"]
[debug] [2017-10-31T23:31:19.901Z] >>> HTTP REQUEST POST https://www.googleapis.com/oauth2/v3/token { refresh_token: '1/LcNcHOVWt-WpSCLA9erswjefPhyPB1OZrxsrS7AlySzvw7UMMNX6mf_iZzbb5ack',
  client_id: '563584335869-fgrhgmd47bqnekij5i8b5pr03ho849e6.apps.googleusercontent.com',
  client_secret: 'j9iVZfS8kkCEFUPaAeJV0sAi',
  grant_type: 'refresh_token',
  scope: 'email https://www.googleapis.com/auth/cloud-platform https://www.googleapis.com/auth/cloudplatformprojects.readonly https://www.googleapis.com/auth/firebase openid' } 
 Tue Oct 31 2017 17:31:19 GMT-0600 (Mountain Daylight Time)
[debug] [2017-10-31T23:31:20.232Z] <<< HTTP RESPONSE 200
[debug] [2017-10-31T23:31:20.246Z] >>> HTTP REQUEST GET https://admin.firebase.com/v1/projects/firecloud2-aac4c  
 Tue Oct 31 2017 17:31:20 GMT-0600 (Mountain Daylight Time)
[debug] [2017-10-31T23:31:20.796Z] <<< HTTP RESPONSE 200
[debug] [2017-10-31T23:31:20.797Z] >>> HTTP REQUEST GET https://admin.firebase.com/v1/database/firecloud2-aac4c/tokens  
 Tue Oct 31 2017 17:31:20 GMT-0600 (Mountain Daylight Time)
[debug] [2017-10-31T23:31:21.389Z] <<< HTTP RESPONSE 200
[info] 
[info] === Serving from 'C:\Users\Owner\Desktop\cx\msave2'...
[info] 
[debug] [2017-10-31T23:31:21.392Z] >>> HTTP REQUEST GET https://cloudresourcemanager.googleapis.com/v1/projects/firecloud2-aac4c  
 Tue Oct 31 2017 17:31:21 GMT-0600 (Mountain Daylight Time)
[debug] [2017-10-31T23:31:21.817Z] <<< HTTP RESPONSE 200
[debug] [2017-10-31T23:31:21.817Z] >>> HTTP REQUEST GET https://mobilesdk-pa.googleapis.com/v1/projects/870285831664/clients/_:getWebAppConfig  
 Tue Oct 31 2017 17:31:21 GMT-0600 (Mountain Daylight Time)
[debug] [2017-10-31T23:31:22.295Z] <<< HTTP RESPONSE 200
[info] i  hosting: Serving hosting files from: ./
[info] +  hosting: Local server: http://localhost:5000

[debug] [2017-11-01T20:27:08.097Z] ----------------------------------------------------------------------
[debug] [2017-11-01T20:27:08.100Z] Command:       C:\Program Files\nodejs\node.exe C:\Users\Owner\AppData\Roaming\npm\node_modules\firebase-tools\bin\firebase serve
[debug] [2017-11-01T20:27:08.100Z] CLI Version:   3.13.1
[debug] [2017-11-01T20:27:08.100Z] Platform:      win32
[debug] [2017-11-01T20:27:08.100Z] Node Version:  v8.8.1
[debug] [2017-11-01T20:27:08.101Z] Time:          Wed Nov 01 2017 14:27:08 GMT-0600 (Mountain Daylight Time)
[debug] [2017-11-01T20:27:08.101Z] ----------------------------------------------------------------------
[debug] 
[debug] [2017-11-01T20:27:08.119Z] > command requires scopes: ["email","openid","https://www.googleapis.com/auth/cloudplatformprojects.readonly","https://www.googleapis.com/auth/firebase","https://www.googleapis.com/auth/cloud-platform"]
[debug] [2017-11-01T20:27:08.119Z] > authorizing via signed-in user
[debug] [2017-11-01T20:27:08.121Z] > refreshing access token with scopes: ["email","https://www.googleapis.com/auth/cloud-platform","https://www.googleapis.com/auth/cloudplatformprojects.readonly","https://www.googleapis.com/auth/firebase","openid"]
[debug] [2017-11-01T20:27:08.121Z] >>> HTTP REQUEST POST https://www.googleapis.com/oauth2/v3/token { refresh_token: '1/LcNcHOVWt-WpSCLA9erswjefPhyPB1OZrxsrS7AlySzvw7UMMNX6mf_iZzbb5ack',
  client_id: '563584335869-fgrhgmd47bqnekij5i8b5pr03ho849e6.apps.googleusercontent.com',
  client_secret: 'j9iVZfS8kkCEFUPaAeJV0sAi',
  grant_type: 'refresh_token',
  scope: 'email https://www.googleapis.com/auth/cloud-platform https://www.googleapis.com/auth/cloudplatformprojects.readonly https://www.googleapis.com/auth/firebase openid' } 
 Wed Nov 01 2017 14:27:08 GMT-0600 (Mountain Daylight Time)
[debug] [2017-11-01T20:27:08.537Z] <<< HTTP RESPONSE 200
[debug] [2017-11-01T20:27:08.551Z] >>> HTTP REQUEST GET https://admin.firebase.com/v1/projects/firecloud2-aac4c  
 Wed Nov 01 2017 14:27:08 GMT-0600 (Mountain Daylight Time)
[debug] [2017-11-01T20:27:09.061Z] <<< HTTP RESPONSE 200
[debug] [2017-11-01T20:27:09.061Z] >>> HTTP REQUEST GET https://admin.firebase.com/v1/database/firecloud2-aac4c/tokens  
 Wed Nov 01 2017 14:27:09 GMT-0600 (Mountain Daylight Time)
[debug] [2017-11-01T20:27:09.459Z] <<< HTTP RESPONSE 200
[info] 
[info] === Serving from 'C:\Users\Owner\Desktop\cx\msave2'...
[info] 
[debug] [2017-11-01T20:27:09.462Z] >>> HTTP REQUEST GET https://cloudresourcemanager.googleapis.com/v1/projects/firecloud2-aac4c  
 Wed Nov 01 2017 14:27:09 GMT-0600 (Mountain Daylight Time)
[debug] [2017-11-01T20:27:09.843Z] <<< HTTP RESPONSE 200
[debug] [2017-11-01T20:27:09.843Z] >>> HTTP REQUEST GET https://mobilesdk-pa.googleapis.com/v1/projects/870285831664/clients/_:getWebAppConfig  
 Wed Nov 01 2017 14:27:09 GMT-0600 (Mountain Daylight Time)
[debug] [2017-11-01T20:27:10.423Z] <<< HTTP RESPONSE 200
[info] i  hosting: Serving hosting files from: ./
[info] +  hosting: Local server: http://localhost:5000

[debug] [2017-11-02T21:50:01.249Z] ----------------------------------------------------------------------
[debug] [2017-11-02T21:50:01.251Z] Command:       C:\Program Files\nodejs\node.exe C:\Users\Owner\AppData\Roaming\npm\node_modules\firebase-tools\bin\firebase serve
[debug] [2017-11-02T21:50:01.251Z] CLI Version:   3.13.1
[debug] [2017-11-02T21:50:01.251Z] Platform:      win32
[debug] [2017-11-02T21:50:01.251Z] Node Version:  v8.8.1
[debug] [2017-11-02T21:50:01.252Z] Time:          Thu Nov 02 2017 15:50:01 GMT-0600 (Mountain Daylight Time)
[debug] [2017-11-02T21:50:01.252Z] ----------------------------------------------------------------------
[debug] 
[debug] [2017-11-02T21:50:01.274Z] > command requires scopes: ["email","openid","https://www.googleapis.com/auth/cloudplatformprojects.readonly","https://www.googleapis.com/auth/firebase","https://www.googleapis.com/auth/cloud-platform"]
[debug] [2017-11-02T21:50:01.274Z] > authorizing via signed-in user
[debug] [2017-11-02T21:50:01.277Z] > refreshing access token with scopes: ["email","https://www.googleapis.com/auth/cloud-platform","https://www.googleapis.com/auth/cloudplatformprojects.readonly","https://www.googleapis.com/auth/firebase","openid"]
[debug] [2017-11-02T21:50:01.277Z] >>> HTTP REQUEST POST https://www.googleapis.com/oauth2/v3/token { refresh_token: '1/LcNcHOVWt-WpSCLA9erswjefPhyPB1OZrxsrS7AlySzvw7UMMNX6mf_iZzbb5ack',
  client_id: '563584335869-fgrhgmd47bqnekij5i8b5pr03ho849e6.apps.googleusercontent.com',
  client_secret: 'j9iVZfS8kkCEFUPaAeJV0sAi',
  grant_type: 'refresh_token',
  scope: 'email https://www.googleapis.com/auth/cloud-platform https://www.googleapis.com/auth/cloudplatformprojects.readonly https://www.googleapis.com/auth/firebase openid' } 
 Thu Nov 02 2017 15:50:01 GMT-0600 (Mountain Daylight Time)
[debug] [2017-11-02T21:50:01.564Z] <<< HTTP RESPONSE 200
[debug] [2017-11-02T21:50:01.577Z] >>> HTTP REQUEST GET https://admin.firebase.com/v1/projects/firecloud2-aac4c  
 Thu Nov 02 2017 15:50:01 GMT-0600 (Mountain Daylight Time)
[debug] [2017-11-02T21:50:02.120Z] <<< HTTP RESPONSE 200
[debug] [2017-11-02T21:50:02.120Z] >>> HTTP REQUEST GET https://admin.firebase.com/v1/database/firecloud2-aac4c/tokens  
 Thu Nov 02 2017 15:50:02 GMT-0600 (Mountain Daylight Time)
[debug] [2017-11-02T21:50:02.723Z] <<< HTTP RESPONSE 200
[info] 
[info] === Serving from 'C:\Users\Owner\Desktop\cx\msave2'...
[info] 
[debug] [2017-11-02T21:50:02.726Z] >>> HTTP REQUEST GET https://cloudresourcemanager.googleapis.com/v1/projects/firecloud2-aac4c  
 Thu Nov 02 2017 15:50:02 GMT-0600 (Mountain Daylight Time)
[debug] [2017-11-02T21:50:03.164Z] <<< HTTP RESPONSE 200
[debug] [2017-11-02T21:50:03.164Z] >>> HTTP REQUEST GET https://mobilesdk-pa.googleapis.com/v1/projects/870285831664/clients/_:getWebAppConfig  
 Thu Nov 02 2017 15:50:03 GMT-0600 (Mountain Daylight Time)
[debug] [2017-11-02T21:50:03.623Z] <<< HTTP RESPONSE 200
[info] i  hosting: Serving hosting files from: ./
[info] +  hosting: Local server: http://localhost:5000

